<?xml version="1.0" encoding="UTF-8"?>
<!-- Generated by org.testng.reporters.JUnitReportReporter -->
<testsuite hostname="JamesIbue" failures="0" tests="4" name="com.qa.tests.DemoTest" time="0.017" errors="0" timestamp="2022-09-01T19:43:42 BST" skipped="0">
  <testcase classname="com.qa.tests.DemoTest" name="multi" time="0.000"/>
  <system-out/>
  <testcase classname="com.qa.tests.DemoTest" name="sum" time="0.000"/>
  <system-out/>
  <testcase classname="com.qa.tests.DemoTest" name="sub" time="0.000"/>
  <system-out/>
  <testcase classname="com.qa.tests.DemoTest" name="div" time="0.017"/>
  <system-out/>
</testsuite> <!-- com.qa.tests.DemoTest -->
